<?xml version="1.0" encoding="UTF-8"?>
<testsuite xmlns:xsi="http://www.w3.org/2001/XMLSchema-instance" xsi:noNamespaceSchemaLocation="https://maven.apache.org/surefire/maven-surefire-plugin/xsd/surefire-test-report.xsd" name="com.soc.stiw3054.AppTest" time="0.065" tests="1" errors="0" skipped="0" failures="0">
  <properties>
    <property name="sun.desktop" value="windows"/>
    <property name="awt.toolkit" value="sun.awt.windows.WToolkit"/>
    <property name="file.encoding.pkg" value="sun.io"/>
    <property name="java.specification.version" value="1.8"/>
    <property name="sun.cpu.isalist" value="amd64"/>
    <property name="sun.jnu.encoding" value="Cp1252"/>
    <property name="java.class.path" value="C:\Users\porst_fv9ali2\Desktop\Assignment 2\pdfAnalyze\target\test-classes;C:\Users\porst_fv9ali2\Desktop\Assignment 2\pdfAnalyze\target\classes;C:\Users\porst_fv9ali2\.m2\repository\junit\junit\4.11\junit-4.11.jar;C:\Users\porst_fv9ali2\.m2\repository\org\hamcrest\hamcrest-core\1.3\hamcrest-core-1.3.jar;C:\Users\porst_fv9ali2\.m2\repository\org\apache\pdfbox\pdfbox\2.0.14\pdfbox-2.0.14.jar;C:\Users\porst_fv9ali2\.m2\repository\org\apache\pdfbox\fontbox\2.0.14\fontbox-2.0.14.jar;C:\Users\porst_fv9ali2\.m2\repository\commons-logging\commons-logging\1.2\commons-logging-1.2.jar;"/>
    <property name="java.vm.vendor" value="Oracle Corporation"/>
    <property name="sun.arch.data.model" value="64"/>
    <property name="user.variant" value=""/>
    <property name="java.vendor.url" value="http://java.oracle.com/"/>
    <property name="user.timezone" value="Asia/Irkutsk"/>
    <property name="java.vm.specification.version" value="1.8"/>
    <property name="os.name" value="Windows 10"/>
    <property name="user.country" value="MY"/>
    <property name="sun.java.launcher" value="SUN_STANDARD"/>
    <property name="sun.boot.library.path" value="C:\java-1.8.0-openjdk-1.8.0.201\jre\bin"/>
    <property name="sun.java.command" value="C:\Users\PORST_~1\AppData\Local\Temp\surefire7655142555377304081\surefirebooter6329201906262508268.jar C:\Users\porst_fv9ali2\AppData\Local\Temp\surefire7655142555377304081 2019-04-03T16-49-29_531-jvmRun1 surefire1168368466091430691tmp surefire_0946380581539959886tmp"/>
    <property name="surefire.test.class.path" value="C:\Users\porst_fv9ali2\Desktop\Assignment 2\pdfAnalyze\target\test-classes;C:\Users\porst_fv9ali2\Desktop\Assignment 2\pdfAnalyze\target\classes;C:\Users\porst_fv9ali2\.m2\repository\junit\junit\4.11\junit-4.11.jar;C:\Users\porst_fv9ali2\.m2\repository\org\hamcrest\hamcrest-core\1.3\hamcrest-core-1.3.jar;C:\Users\porst_fv9ali2\.m2\repository\org\apache\pdfbox\pdfbox\2.0.14\pdfbox-2.0.14.jar;C:\Users\porst_fv9ali2\.m2\repository\org\apache\pdfbox\fontbox\2.0.14\fontbox-2.0.14.jar;C:\Users\porst_fv9ali2\.m2\repository\commons-logging\commons-logging\1.2\commons-logging-1.2.jar;"/>
    <property name="sun.cpu.endian" value="little"/>
    <property name="user.home" value="C:\Users\porst_fv9ali2"/>
    <property name="user.language" value="en"/>
    <property name="java.specification.vendor" value="Oracle Corporation"/>
    <property name="java.home" value="C:\java-1.8.0-openjdk-1.8.0.201\jre"/>
    <property name="basedir" value="C:\Users\porst_fv9ali2\Desktop\Assignment 2\pdfAnalyze"/>
    <property name="file.separator" value="\"/>
    <property name="line.separator" value="&#10;"/>
    <property name="java.vm.specification.vendor" value="Oracle Corporation"/>
    <property name="java.specification.name" value="Java Platform API Specification"/>
    <property name="java.awt.graphicsenv" value="sun.awt.Win32GraphicsEnvironment"/>
    <property name="surefire.real.class.path" value="C:\Users\PORST_~1\AppData\Local\Temp\surefire7655142555377304081\surefirebooter6329201906262508268.jar"/>
    <property name="sun.boot.class.path" value="C:\java-1.8.0-openjdk-1.8.0.201\jre\lib\resources.jar;C:\java-1.8.0-openjdk-1.8.0.201\jre\lib\rt.jar;C:\java-1.8.0-openjdk-1.8.0.201\jre\lib\sunrsasign.jar;C:\java-1.8.0-openjdk-1.8.0.201\jre\lib\jsse.jar;C:\java-1.8.0-openjdk-1.8.0.201\jre\lib\jce.jar;C:\java-1.8.0-openjdk-1.8.0.201\jre\lib\charsets.jar;C:\java-1.8.0-openjdk-1.8.0.201\jre\lib\jfr.jar;C:\java-1.8.0-openjdk-1.8.0.201\jre\classes"/>
    <property name="user.script" value=""/>
    <property name="sun.management.compiler" value="HotSpot 64-Bit Tiered Compilers"/>
    <property name="java.runtime.version" value="1.8.0_201-2-redhat-b09"/>
    <property name="user.name" value="porst_fv9ali2"/>
    <property name="path.separator" value=";"/>
    <property name="os.version" value="10.0"/>
    <property name="java.endorsed.dirs" value="C:\java-1.8.0-openjdk-1.8.0.201\jre\lib\endorsed"/>
    <property name="java.runtime.name" value="OpenJDK Runtime Environment"/>
    <property name="file.encoding" value="Cp1252"/>
    <property name="java.vm.name" value="OpenJDK 64-Bit Server VM"/>
    <property name="localRepository" value="C:\Users\porst_fv9ali2\.m2\repository"/>
    <property name="java.vendor.url.bug" value="http://bugreport.sun.com/bugreport/"/>
    <property name="java.io.tmpdir" value="C:\Users\PORST_~1\AppData\Local\Temp\"/>
    <property name="java.version" value="1.8.0_201-2-redhat"/>
    <property name="user.dir" value="C:\Users\porst_fv9ali2\Desktop\Assignment 2\pdfAnalyze"/>
    <property name="os.arch" value="amd64"/>
    <property name="java.vm.specification.name" value="Java Virtual Machine Specification"/>
    <property name="java.awt.printerjob" value="sun.awt.windows.WPrinterJob"/>
    <property name="sun.os.patch.level" value=""/>
    <property name="java.library.path" value="C:\java-1.8.0-openjdk-1.8.0.201\jre\bin;C:\WINDOWS\Sun\Java\bin;C:\WINDOWS\system32;C:\WINDOWS;C:\Program Files (x86)\Common Files\Oracle\Java\javapath;C:\Program Files (x86)\NVIDIA Corporation\PhysX\Common;C:\ProgramData\Oracle\Java\javapath;C:\WINDOWS\system32;C:\WINDOWS;C:\WINDOWS\System32\Wbem;C:\WINDOWS\System32\WindowsPowerShell\v1.0\;C:\WINDOWS\System32\OpenSSH\;C:\php;C:\Apache24;C:\Apache24\bin;C:\xampp\mysql\bin;C:\Program Files\Git\cmd;C:\Program Files\Java\jdk1.8.0_141\bin;C:\Program Files\apache-maven-3.6.0\bin;C:\java-1.8.0-openjdk-1.8.0.201\bin;C:\Program Files\apache-maven-3.6.0\bin;;C:\Users\porst_fv9ali2\AppData\Local\Programs\Microsoft VS Code\bin;."/>
    <property name="java.vm.info" value="mixed mode"/>
    <property name="java.vendor" value="Oracle Corporation"/>
    <property name="java.vm.version" value="25.201-b09"/>
    <property name="java.ext.dirs" value="C:\java-1.8.0-openjdk-1.8.0.201\jre\lib\ext;C:\WINDOWS\Sun\Java\lib\ext"/>
    <property name="sun.io.unicode.encoding" value="UnicodeLittle"/>
    <property name="java.class.version" value="52.0"/>
  </properties>
  <testcase name="shouldAnswerWithTrue" classname="com.soc.stiw3054.AppTest" time="0.003"/>
</testsuite>